*-- TIME: [2015-05-15 09:07:05,434] --* 
Category: bowstreet.system.server.logging.event.criterion.abnormal
Priority: ERROR
Thread:   Web Experience Factory (event logging)
Msg:      Component: 	DESIGNER
Error removing existing Web Experience Factory model markers
	The associated exception is: org.eclipse.core.internal.resources.ResourceException: The resource tree is locked for modifications.
	at org.eclipse.core.internal.resources.WorkManager.checkIn(WorkManager.java:116)
	at org.eclipse.core.internal.resources.Workspace.prepareOperation(Workspace.java:2282)
	at org.eclipse.core.internal.resources.Resource.deleteMarkers(Resource.java:844)
	at com.bowstreet.designer.eclipse.extensions.ResourceMarkers.deleteAllMarkers(ResourceMarkers.java:44)
	at com.bowstreet.designer.eclipse.extensions.ResourceMarkers.clearAllMarkers(ResourceMarkers.java:54)
	at com.bowstreet.designer.model.ConfigurationProperties.realizePropertiesForProject(ConfigurationProperties.java:485)
	at com.bowstreet.designer.model.ConfigurationProperties$Visitor.visit(ConfigurationProperties.java:1555)
	at org.eclipse.core.internal.events.ResourceDelta.accept(ResourceDelta.java:69)
	at org.eclipse.core.internal.events.ResourceDelta.accept(ResourceDelta.java:80)
	at org.eclipse.core.internal.events.ResourceDelta.accept(ResourceDelta.java:80)
	at org.eclipse.core.internal.events.ResourceDelta.accept(ResourceDelta.java:80)
	at org.eclipse.core.internal.events.ResourceDelta.accept(ResourceDelta.java:80)
	at org.eclipse.core.internal.events.ResourceDelta.accept(ResourceDelta.java:80)
	at org.eclipse.core.internal.events.ResourceDelta.accept(ResourceDelta.java:49)
	at com.bowstreet.designer.model.ConfigurationProperties.resourceChanged(ConfigurationProperties.java:1471)
	at org.eclipse.core.internal.events.NotificationManager$1.run(NotificationManager.java:291)
	at org.eclipse.core.runtime.SafeRunner.run(SafeRunner.java:42)
	at org.eclipse.core.internal.events.NotificationManager.notify(NotificationManager.java:285)
	at org.eclipse.core.internal.events.NotificationManager.broadcastChanges(NotificationManager.java:149)
	at org.eclipse.core.internal.resources.Workspace.broadcastPostChange(Workspace.java:395)
	at org.eclipse.core.internal.resources.Workspace.endOperation(Workspace.java:1530)
	at org.eclipse.core.internal.resources.InternalWorkspaceJob.run(InternalWorkspaceJob.java:45)
	at org.eclipse.core.internal.jobs.Worker.run(Worker.java:53)





*-- TIME: [2015-05-15 09:07:05,434] --* 
Category: bowstreet.system.server.logging.event.criterion.abnormal
Priority: ERROR
Thread:   Web Experience Factory (event logging)
Msg:      Component: 	DESIGNER
Error removing existing Web Experience Factory model markers
	The associated exception is: org.eclipse.core.internal.resources.ResourceException: The resource tree is locked for modifications.
	at org.eclipse.core.internal.resources.WorkManager.checkIn(WorkManager.java:116)
	at org.eclipse.core.internal.resources.Workspace.prepareOperation(Workspace.java:2282)
	at org.eclipse.core.internal.resources.Resource.deleteMarkers(Resource.java:844)
	at com.bowstreet.designer.eclipse.extensions.ResourceMarkers.deleteAllMarkers(ResourceMarkers.java:44)
	at com.bowstreet.designer.eclipse.extensions.ResourceMarkers.clearAllMarkers(ResourceMarkers.java:54)
	at com.bowstreet.designer.model.ConfigurationProperties.realizePropertiesForProject(ConfigurationProperties.java:485)
	at com.bowstreet.designer.model.ConfigurationProperties$Visitor.visit(ConfigurationProperties.java:1555)
	at org.eclipse.core.internal.events.ResourceDelta.accept(ResourceDelta.java:69)
	at org.eclipse.core.internal.events.ResourceDelta.accept(ResourceDelta.java:80)
	at org.eclipse.core.internal.events.ResourceDelta.accept(ResourceDelta.java:80)
	at org.eclipse.core.internal.events.ResourceDelta.accept(ResourceDelta.java:80)
	at org.eclipse.core.internal.events.ResourceDelta.accept(ResourceDelta.java:80)
	at org.eclipse.core.internal.events.ResourceDelta.accept(ResourceDelta.java:80)
	at org.eclipse.core.internal.events.ResourceDelta.accept(ResourceDelta.java:49)
	at com.bowstreet.designer.model.ConfigurationProperties.resourceChanged(ConfigurationProperties.java:1471)
	at org.eclipse.core.internal.events.NotificationManager$1.run(NotificationManager.java:291)
	at org.eclipse.core.runtime.SafeRunner.run(SafeRunner.java:42)
	at org.eclipse.core.internal.events.NotificationManager.notify(NotificationManager.java:285)
	at org.eclipse.core.internal.events.NotificationManager.broadcastChanges(NotificationManager.java:149)
	at org.eclipse.core.internal.resources.Workspace.broadcastPostChange(Workspace.java:395)
	at org.eclipse.core.internal.resources.Workspace.endOperation(Workspace.java:1530)
	at org.eclipse.core.internal.resources.InternalWorkspaceJob.run(InternalWorkspaceJob.java:45)
	at org.eclipse.core.internal.jobs.Worker.run(Worker.java:53)





*-- TIME: [2015-05-15 09:26:40,552] --* 
Category: bowstreet.system.server.logging.event.criterion.abnormal
Priority: ERROR
Thread:   Web Experience Factory (event logging)
Msg:      Component: 	DESIGNER
Error creating Web Experience Factory Warning Marker
	The associated exception is: org.eclipse.core.internal.resources.ResourceException: The resource tree is locked for modifications.
	at org.eclipse.core.internal.resources.WorkManager.checkIn(WorkManager.java:116)
	at org.eclipse.core.internal.resources.Workspace.prepareOperation(Workspace.java:2282)
	at org.eclipse.core.internal.resources.Resource.createMarker(Resource.java:733)
	at com.bowstreet.designer.eclipse.extensions.ResourceMarkers.createMessage(ResourceMarkers.java:108)
	at com.bowstreet.designer.eclipse.extensions.ResourceMarkers.createError(ResourceMarkers.java:66)
	at com.bowstreet.designer.model.ConfigurationProperties.realizePropertiesForProject(ConfigurationProperties.java:486)
	at com.bowstreet.designer.model.ConfigurationProperties$Visitor.visit(ConfigurationProperties.java:1555)
	at org.eclipse.core.internal.events.ResourceDelta.accept(ResourceDelta.java:69)
	at org.eclipse.core.internal.events.ResourceDelta.accept(ResourceDelta.java:80)
	at org.eclipse.core.internal.events.ResourceDelta.accept(ResourceDelta.java:80)
	at org.eclipse.core.internal.events.ResourceDelta.accept(ResourceDelta.java:80)
	at org.eclipse.core.internal.events.ResourceDelta.accept(ResourceDelta.java:80)
	at org.eclipse.core.internal.events.ResourceDelta.accept(ResourceDelta.java:80)
	at org.eclipse.core.internal.events.ResourceDelta.accept(ResourceDelta.java:49)
	at com.bowstreet.designer.model.ConfigurationProperties.resourceChanged(ConfigurationProperties.java:1471)
	at org.eclipse.core.internal.events.NotificationManager$1.run(NotificationManager.java:291)
	at org.eclipse.core.runtime.SafeRunner.run(SafeRunner.java:42)
	at org.eclipse.core.internal.events.NotificationManager.notify(NotificationManager.java:285)
	at org.eclipse.core.internal.events.NotificationManager.broadcastChanges(NotificationManager.java:149)
	at org.eclipse.core.internal.resources.Workspace.broadcastPostChange(Workspace.java:395)
	at org.eclipse.core.internal.resources.Workspace.endOperation(Workspace.java:1530)
	at org.eclipse.core.internal.resources.InternalWorkspaceJob.run(InternalWorkspaceJob.java:45)
	at org.eclipse.core.internal.jobs.Worker.run(Worker.java:53)





*-- TIME: [2015-05-15 09:26:40,552] --* 
Category: bowstreet.system.server.logging.event.criterion.abnormal
Priority: ERROR
Thread:   Web Experience Factory (event logging)
Msg:      Component: 	DESIGNER
Error creating Web Experience Factory Warning Marker
	The associated exception is: org.eclipse.core.internal.resources.ResourceException: The resource tree is locked for modifications.
	at org.eclipse.core.internal.resources.WorkManager.checkIn(WorkManager.java:116)
	at org.eclipse.core.internal.resources.Workspace.prepareOperation(Workspace.java:2282)
	at org.eclipse.core.internal.resources.Resource.createMarker(Resource.java:733)
	at com.bowstreet.designer.eclipse.extensions.ResourceMarkers.createMessage(ResourceMarkers.java:108)
	at com.bowstreet.designer.eclipse.extensions.ResourceMarkers.createError(ResourceMarkers.java:66)
	at com.bowstreet.designer.model.ConfigurationProperties.realizePropertiesForProject(ConfigurationProperties.java:486)
	at com.bowstreet.designer.model.ConfigurationProperties$Visitor.visit(ConfigurationProperties.java:1555)
	at org.eclipse.core.internal.events.ResourceDelta.accept(ResourceDelta.java:69)
	at org.eclipse.core.internal.events.ResourceDelta.accept(ResourceDelta.java:80)
	at org.eclipse.core.internal.events.ResourceDelta.accept(ResourceDelta.java:80)
	at org.eclipse.core.internal.events.ResourceDelta.accept(ResourceDelta.java:80)
	at org.eclipse.core.internal.events.ResourceDelta.accept(ResourceDelta.java:80)
	at org.eclipse.core.internal.events.ResourceDelta.accept(ResourceDelta.java:80)
	at org.eclipse.core.internal.events.ResourceDelta.accept(ResourceDelta.java:49)
	at com.bowstreet.designer.model.ConfigurationProperties.resourceChanged(ConfigurationProperties.java:1471)
	at org.eclipse.core.internal.events.NotificationManager$1.run(NotificationManager.java:291)
	at org.eclipse.core.runtime.SafeRunner.run(SafeRunner.java:42)
	at org.eclipse.core.internal.events.NotificationManager.notify(NotificationManager.java:285)
	at org.eclipse.core.internal.events.NotificationManager.broadcastChanges(NotificationManager.java:149)
	at org.eclipse.core.internal.resources.Workspace.broadcastPostChange(Workspace.java:395)
	at org.eclipse.core.internal.resources.Workspace.endOperation(Workspace.java:1530)
	at org.eclipse.core.internal.resources.InternalWorkspaceJob.run(InternalWorkspaceJob.java:45)
	at org.eclipse.core.internal.jobs.Worker.run(Worker.java:53)





*-- TIME: [2015-05-15 09:26:40,553] --* 
Category: bowstreet.system.server.logging.event.criterion.abnormal
Priority: ERROR
Thread:   Web Experience Factory (event logging)
Msg:      Component: 	DESIGNER
Internal error: failed to set property for project BankFactory
	The associated exception is: java.lang.NullPointerException
	at java.util.Hashtable.put(Hashtable.java:877)
	at com.bowstreet.designer.model.ConfigurationProperties.setProjectProperty(ConfigurationProperties.java:909)
	at com.bowstreet.designer.model.ConfigurationProperties.setProjectProperty(ConfigurationProperties.java:892)
	at com.bowstreet.designer.webapp.deployment.RemoteWAS61.setProjectProps(RemoteWAS61.java:330)
	at com.bowstreet.designer.webapp.deployment.DeploymentRunner.run(DeploymentRunner.java:195)
	at org.eclipse.core.internal.jobs.Worker.run(Worker.java:53)





*-- TIME: [2015-05-15 09:26:40,553] --* 
Category: bowstreet.system.server.logging.event.criterion.abnormal
Priority: ERROR
Thread:   Web Experience Factory (event logging)
Msg:      Component: 	DESIGNER
Internal error: failed to set property for project BankFactory
	The associated exception is: java.lang.NullPointerException
	at java.util.Hashtable.put(Hashtable.java:877)
	at com.bowstreet.designer.model.ConfigurationProperties.setProjectProperty(ConfigurationProperties.java:909)
	at com.bowstreet.designer.model.ConfigurationProperties.setProjectProperty(ConfigurationProperties.java:892)
	at com.bowstreet.designer.webapp.deployment.RemoteWAS61.setProjectProps(RemoteWAS61.java:330)
	at com.bowstreet.designer.webapp.deployment.DeploymentRunner.run(DeploymentRunner.java:195)
	at org.eclipse.core.internal.jobs.Worker.run(Worker.java:53)





*-- TIME: [2015-05-15 09:36:15,983] --* 
Category: bowstreet.system.server.logging.event.criterion.abnormal
Priority: ERROR
Thread:   Web Experience Factory (event logging)
Msg:      Component: 	DESIGNER
java.lang.NullPointerException
	The associated exception is: java.lang.NullPointerException
	at com.bowstreet.builders.webapp.ui.ServiceConsumer2Coordinator.getEnabledOverridedInputs(ServiceConsumer2Coordinator.java:742)
	at com.bowstreet.builders.webapp.ui.ServiceConsumer2Coordinator.populateOverridenInputs(ServiceConsumer2Coordinator.java:652)
	at com.bowstreet.builders.webapp.ui.ServiceConsumer2Coordinator.initializeInputs(ServiceConsumer2Coordinator.java:126)
	at com.bowstreet.editor.uitools.coordinator.BuilderEditorCoordinatorController.initializeInputs(BuilderEditorCoordinatorController.java:397)
	at com.bowstreet.designer.builders.CoordinatorRunner.initCoordinatorInstance(CoordinatorRunner.java:151)
	at com.bowstreet.designer.builders.CoordinatorRunner.<init>(CoordinatorRunner.java:91)
	at com.bowstreet.designer.builders.BuilderCallEditor.<init>(BuilderCallEditor.java:125)
	at com.bowstreet.designer.builders.BuilderCallEditor.<init>(BuilderCallEditor.java:96)
	at com.bowstreet.designer.eclipse.editors.BuilderCallEditorPage.openBuilders(BuilderCallEditorPage.java:940)
	at com.bowstreet.designer.eclipse.editors.BuilderCallEditorPage.openBuilders(BuilderCallEditorPage.java:835)
	at com.bowstreet.designer.eclipse.editors.ModelEditor.openBuilders(ModelEditor.java:1498)
	at com.bowstreet.designer.eclipse.editors.ModelEditor.openBuilders(ModelEditor.java:1462)
	at com.bowstreet.designer.eclipse.views.BuilderListOutlinePage.openSelectedBuilderCalls(BuilderListOutlinePage.java:1491)
	at com.bowstreet.designer.eclipse.views.BuilderListOutlinePage.doubleClick(BuilderListOutlinePage.java:1471)
	at org.eclipse.jface.viewers.StructuredViewer$1.run(StructuredViewer.java:845)
	at org.eclipse.core.runtime.SafeRunner.run(SafeRunner.java:42)
	at org.eclipse.ui.internal.JFaceUtil$1.run(JFaceUtil.java:49)
	at org.eclipse.jface.util.SafeRunnable.run(SafeRunnable.java:175)
	at org.eclipse.jface.viewers.StructuredViewer.fireDoubleClick(StructuredViewer.java:843)
	at org.eclipse.jface.viewers.AbstractTreeViewer.handleDoubleSelect(AbstractTreeViewer.java:1477)
	at org.eclipse.jface.viewers.StructuredViewer$4.widgetDefaultSelected(StructuredViewer.java:1246)
	at org.eclipse.jface.util.OpenStrategy.fireDefaultSelectionEvent(OpenStrategy.java:249)
	at org.eclipse.jface.util.OpenStrategy.access$0(OpenStrategy.java:246)
	at org.eclipse.jface.util.OpenStrategy$1.handleEvent(OpenStrategy.java:307)
	at org.eclipse.swt.widgets.EventTable.sendEvent(EventTable.java:84)
	at org.eclipse.swt.widgets.Widget.sendEvent(Widget.java:1053)
	at org.eclipse.swt.widgets.Display.runDeferredEvents(Display.java:4169)
	at org.eclipse.swt.widgets.Display.readAndDispatch(Display.java:3758)
	at org.eclipse.e4.ui.internal.workbench.swt.PartRenderingEngine$9.run(PartRenderingEngine.java:1053)
	at org.eclipse.core.databinding.observable.Realm.runWithDefault(Realm.java:332)
	at org.eclipse.e4.ui.internal.workbench.swt.PartRenderingEngine.run(PartRenderingEngine.java:942)
	at org.eclipse.e4.ui.internal.workbench.E4Workbench.createAndRunUI(E4Workbench.java:86)
	at org.eclipse.ui.internal.Workbench$5.run(Workbench.java:588)
	at org.eclipse.core.databinding.observable.Realm.runWithDefault(Realm.java:332)
	at org.eclipse.ui.internal.Workbench.createAndRunWorkbench(Workbench.java:543)
	at org.eclipse.ui.PlatformUI.createAndRunWorkbench(PlatformUI.java:149)
	at org.eclipse.ui.internal.ide.application.IDEApplication.start(IDEApplication.java:124)
	at org.eclipse.equinox.internal.app.EclipseAppHandle.run(EclipseAppHandle.java:196)
	at org.eclipse.core.runtime.internal.adaptor.EclipseAppLauncher.runApplication(EclipseAppLauncher.java:110)
	at org.eclipse.core.runtime.internal.adaptor.EclipseAppLauncher.start(EclipseAppLauncher.java:79)
	at org.eclipse.core.runtime.adaptor.EclipseStarter.run(EclipseStarter.java:353)
	at org.eclipse.core.runtime.adaptor.EclipseStarter.run(EclipseStarter.java:180)
	at sun.reflect.NativeMethodAccessorImpl.invoke0(Native Method)
	at sun.reflect.NativeMethodAccessorImpl.invoke(NativeMethodAccessorImpl.java:60)
	at sun.reflect.DelegatingMethodAccessorImpl.invoke(DelegatingMethodAccessorImpl.java:37)
	at java.lang.reflect.Method.invoke(Method.java:611)
	at org.eclipse.equinox.launcher.Main.invokeFramework(Main.java:629)
	at org.eclipse.equinox.launcher.Main.basicRun(Main.java:584)
	at org.eclipse.equinox.launcher.Main.run(Main.java:1438)





*-- TIME: [2015-05-15 09:36:15,983] --* 
Category: bowstreet.system.server.logging.event.criterion.abnormal
Priority: ERROR
Thread:   Web Experience Factory (event logging)
Msg:      Component: 	DESIGNER
java.lang.NullPointerException
	The associated exception is: java.lang.NullPointerException
	at com.bowstreet.builders.webapp.ui.ServiceConsumer2Coordinator.getEnabledOverridedInputs(ServiceConsumer2Coordinator.java:742)
	at com.bowstreet.builders.webapp.ui.ServiceConsumer2Coordinator.populateOverridenInputs(ServiceConsumer2Coordinator.java:652)
	at com.bowstreet.builders.webapp.ui.ServiceConsumer2Coordinator.initializeInputs(ServiceConsumer2Coordinator.java:126)
	at com.bowstreet.editor.uitools.coordinator.BuilderEditorCoordinatorController.initializeInputs(BuilderEditorCoordinatorController.java:397)
	at com.bowstreet.designer.builders.CoordinatorRunner.initCoordinatorInstance(CoordinatorRunner.java:151)
	at com.bowstreet.designer.builders.CoordinatorRunner.<init>(CoordinatorRunner.java:91)
	at com.bowstreet.designer.builders.BuilderCallEditor.<init>(BuilderCallEditor.java:125)
	at com.bowstreet.designer.builders.BuilderCallEditor.<init>(BuilderCallEditor.java:96)
	at com.bowstreet.designer.eclipse.editors.BuilderCallEditorPage.openBuilders(BuilderCallEditorPage.java:940)
	at com.bowstreet.designer.eclipse.editors.BuilderCallEditorPage.openBuilders(BuilderCallEditorPage.java:835)
	at com.bowstreet.designer.eclipse.editors.ModelEditor.openBuilders(ModelEditor.java:1498)
	at com.bowstreet.designer.eclipse.editors.ModelEditor.openBuilders(ModelEditor.java:1462)
	at com.bowstreet.designer.eclipse.views.BuilderListOutlinePage.openSelectedBuilderCalls(BuilderListOutlinePage.java:1491)
	at com.bowstreet.designer.eclipse.views.BuilderListOutlinePage.doubleClick(BuilderListOutlinePage.java:1471)
	at org.eclipse.jface.viewers.StructuredViewer$1.run(StructuredViewer.java:845)
	at org.eclipse.core.runtime.SafeRunner.run(SafeRunner.java:42)
	at org.eclipse.ui.internal.JFaceUtil$1.run(JFaceUtil.java:49)
	at org.eclipse.jface.util.SafeRunnable.run(SafeRunnable.java:175)
	at org.eclipse.jface.viewers.StructuredViewer.fireDoubleClick(StructuredViewer.java:843)
	at org.eclipse.jface.viewers.AbstractTreeViewer.handleDoubleSelect(AbstractTreeViewer.java:1477)
	at org.eclipse.jface.viewers.StructuredViewer$4.widgetDefaultSelected(StructuredViewer.java:1246)
	at org.eclipse.jface.util.OpenStrategy.fireDefaultSelectionEvent(OpenStrategy.java:249)
	at org.eclipse.jface.util.OpenStrategy.access$0(OpenStrategy.java:246)
	at org.eclipse.jface.util.OpenStrategy$1.handleEvent(OpenStrategy.java:307)
	at org.eclipse.swt.widgets.EventTable.sendEvent(EventTable.java:84)
	at org.eclipse.swt.widgets.Widget.sendEvent(Widget.java:1053)
	at org.eclipse.swt.widgets.Display.runDeferredEvents(Display.java:4169)
	at org.eclipse.swt.widgets.Display.readAndDispatch(Display.java:3758)
	at org.eclipse.e4.ui.internal.workbench.swt.PartRenderingEngine$9.run(PartRenderingEngine.java:1053)
	at org.eclipse.core.databinding.observable.Realm.runWithDefault(Realm.java:332)
	at org.eclipse.e4.ui.internal.workbench.swt.PartRenderingEngine.run(PartRenderingEngine.java:942)
	at org.eclipse.e4.ui.internal.workbench.E4Workbench.createAndRunUI(E4Workbench.java:86)
	at org.eclipse.ui.internal.Workbench$5.run(Workbench.java:588)
	at org.eclipse.core.databinding.observable.Realm.runWithDefault(Realm.java:332)
	at org.eclipse.ui.internal.Workbench.createAndRunWorkbench(Workbench.java:543)
	at org.eclipse.ui.PlatformUI.createAndRunWorkbench(PlatformUI.java:149)
	at org.eclipse.ui.internal.ide.application.IDEApplication.start(IDEApplication.java:124)
	at org.eclipse.equinox.internal.app.EclipseAppHandle.run(EclipseAppHandle.java:196)
	at org.eclipse.core.runtime.internal.adaptor.EclipseAppLauncher.runApplication(EclipseAppLauncher.java:110)
	at org.eclipse.core.runtime.internal.adaptor.EclipseAppLauncher.start(EclipseAppLauncher.java:79)
	at org.eclipse.core.runtime.adaptor.EclipseStarter.run(EclipseStarter.java:353)
	at org.eclipse.core.runtime.adaptor.EclipseStarter.run(EclipseStarter.java:180)
	at sun.reflect.NativeMethodAccessorImpl.invoke0(Native Method)
	at sun.reflect.NativeMethodAccessorImpl.invoke(NativeMethodAccessorImpl.java:60)
	at sun.reflect.DelegatingMethodAccessorImpl.invoke(DelegatingMethodAccessorImpl.java:37)
	at java.lang.reflect.Method.invoke(Method.java:611)
	at org.eclipse.equinox.launcher.Main.invokeFramework(Main.java:629)
	at org.eclipse.equinox.launcher.Main.basicRun(Main.java:584)
	at org.eclipse.equinox.launcher.Main.run(Main.java:1438)





