
properties:
     [echo] C:\Users\Jeancarlo\GBM\WorkSpaces\WEF\BankFactoryNew\.metadata\.plugins\com.bowstreet.designer.webapp\deploymentconfigs/Liberty.pfConfig

publish:
     [echo] Deployment action requested for configuration 'Liberty'.

configDetails:
     [echo] Deploy Time: 04/29/2015 10:49:45 PM
     [echo] Config Name: Liberty
     [echo] Project Location: C:\Users\Jeancarlo\git\BankPortalNew\BankFactory
     [echo] ServerPort: 9080
     [echo] Config ant file: Liberty.xml
     [echo] PublishTarget: publishLiberty
     [echo] Portlet API Target: ${wpf.portlet.api}
     [echo] Tools Location: C:/IBM/Web Experience Factory/Designer/FeatureSets/Web-App_8.5.0/Deployment/antscripts

setDisplayName:
   [delete] Deleting: C:\Users\Jeancarlo\git\BankPortalNew\BankFactory\WebContent\WEB-INF\bin\deployment\extensions\portlet.web\displayname.xml
     [copy] Copying 1 file to C:\Users\Jeancarlo\git\BankPortalNew\BankFactory\WebContent\WEB-INF\bin\deployment\extensions\portlet.web
   [delete] Deleting: C:\Users\Jeancarlo\git\BankPortalNew\BankFactory\WebContent\WEB-INF\bin\deployment\extensions\standalone.web\displayname.xml
     [copy] Copying 1 file to C:\Users\Jeancarlo\git\BankPortalNew\BankFactory\WebContent\WEB-INF\bin\deployment\extensions\standalone.web

configProject:
     [echo] Configuring project for deployment action.
   [delete] Deleting: C:\Users\Jeancarlo\git\BankPortalNew\BankFactory\WebContent\WEB-INF\config\server.properties
     [copy] Copying 1 file to C:\Users\Jeancarlo\git\BankPortalNew\BankFactory\WebContent\WEB-INF\config
   [delete] Deleting: C:\Users\Jeancarlo\git\BankPortalNew\BankFactory\WebContent\WEB-INF\config\wpf.signature
     [copy] Copying 1 file to C:\Users\Jeancarlo\git\BankPortalNew\BankFactory\WebContent\WEB-INF\config

properties:

preDeploy:

properties:

publishLiberty:
     [echo] Building standalone war for WAS Liberty.

buildWar:
     [echo] Building War
   [delete] Deleting: C:\Users\Jeancarlo\git\BankPortalNew\BankFactory\WebContent\WEB-INF\portlet.xml.tmp
      [war] Building war: C:\Users\Jeancarlo\git\BankPortalNew\BankFactory\.deployment\BankFactory.war

properties:

postDeploy:
