[2015-04-13 09:45:56:040] Creating session: anonymous1428939956040
[2015-04-13 09:46:18:714] ObjectName: WebSphere:name=AppManagement,process=WebSphere_Portal,platform=proxy,node=WIN-3JVF8RJARSLNode,version=8.5.5.2,type=AppManagement,mbeanIdentifier=AppManagement,cell=WIN-3JVF8RJARSLCell,spec=1.0
[2015-04-13 09:46:20:215] Installing new application: BankFactory
[2015-04-13 09:47:07:817] JMX event Recd: (handback obj=Install: BankFactory): AppNotification:task=InstallApplication, taskStatus=InProgress, subtask=, subtaskStatus=, taskProperties={appname=BankFactory}, taskMessage=ADMA5016I: Installation of BankFactory started., causeOfFailure=<NULL>
[2015-04-13 09:47:11:267] JMX event Recd: (handback obj=Install: BankFactory): AppNotification:task=InstallApplication, taskStatus=InProgress, subtask=ValidateAppTask, subtaskStatus=Completed, taskProperties={appname=BankFactory}, taskMessage=ADMA5058I: Application and module versions are validated with versions of deployment targets., causeOfFailure=<NULL>
[2015-04-13 09:47:11:277] JMX event Recd: (handback obj=Install: BankFactory): AppNotification:task=InstallApplication, taskStatus=InProgress, subtask=ConfigureTask, subtaskStatus=Completed, taskProperties={nodes=WebSphere:cell=WIN-3JVF8RJARSLCell,node=WIN-3JVF8RJARSLNode, appname=BankFactory}, taskMessage=ADMA5005I: The application BankFactory is configured in the WebSphere Application Server repository., causeOfFailure=<NULL>
[2015-04-13 09:47:11:277] JMX event Recd: (handback obj=Install: BankFactory): AppNotification:task=InstallApplication, taskStatus=InProgress, subtask=ApplicationResourcesTask, subtaskStatus=Completed, taskProperties={appname=BankFactory}, taskMessage=ADMA5005I: The application BankFactory is configured in the WebSphere Application Server repository., causeOfFailure=<NULL>
[2015-04-13 09:47:11:278] JMX event Recd: (handback obj=Install: BankFactory): AppNotification:task=InstallApplication, taskStatus=InProgress, subtask=BootstrapAddressForClientModuleTask, subtaskStatus=Completed, taskProperties={appname=BankFactory}, taskMessage=ADMA5081I: The bootstrap address for client module is configured in the WebSphere Application Server repository., causeOfFailure=<NULL>
[2015-04-13 09:47:11:278] JMX event Recd: (handback obj=Install: BankFactory): AppNotification:task=InstallApplication, taskStatus=InProgress, subtask=InstalledOptionalPackageTask, subtaskStatus=Completed, taskProperties={appname=BankFactory}, taskMessage=ADMA5053I: The library references for the installed optional package are created., causeOfFailure=<NULL>
[2015-04-13 09:47:11:278] JMX event Recd: (handback obj=Install: BankFactory): AppNotification:task=InstallApplication, taskStatus=InProgress, subtask=MetadataTask, subtaskStatus=Completed, taskProperties={appname=BankFactory}, taskMessage=ADMA5005I: The application BankFactory is configured in the WebSphere Application Server repository., causeOfFailure=<NULL>
[2015-04-13 09:47:11:279] JMX event Recd: (handback obj=Install: BankFactory): AppNotification:task=InstallApplication, taskStatus=InProgress, subtask=BackupAppTask, subtaskStatus=Completed, taskProperties={appname=BankFactory}, taskMessage=ADMA5001I: The application binaries are saved in C:\IBM\WebSphere\wp_profile\wstemp\anonymous1428939956040\workspace\cells\WIN-3JVF8RJARSLCell\applications\BankFactory.ear\BankFactory.ear, causeOfFailure=<NULL>
[2015-04-13 09:47:11:279] JMX event Recd: (handback obj=Install: BankFactory): AppNotification:task=InstallApplication, taskStatus=InProgress, subtask=DeltaDataTask, subtaskStatus=Completed, taskProperties={appname=BankFactory}, taskMessage=ADMA5005I: The application BankFactory is configured in the WebSphere Application Server repository., causeOfFailure=<NULL>
[2015-04-13 09:47:11:279] JMX event Recd: (handback obj=Install: BankFactory): AppNotification:task=InstallApplication, taskStatus=InProgress, subtask=PortletContainerInstallTask, subtaskStatus=Completed, taskProperties={appname=BankFactory}, taskMessage=EJPPC0011I: Validation of the portlet.xml file is completed. , causeOfFailure=<NULL>
[2015-04-13 09:47:11:280] JMX event Recd: (handback obj=Install: BankFactory): AppNotification:task=InstallApplication, taskStatus=InProgress, subtask=JaccServerTask, subtaskStatus=Completed, taskProperties={appname=BankFactory}, taskMessage=SECJ0400I: Successfully updated the application BankFactory with the appContextIDForSecurity information., causeOfFailure=<NULL>
[2015-04-13 09:47:11:280] JMX event Recd: (handback obj=Install: BankFactory): AppNotification:task=InstallApplication, taskStatus=InProgress, subtask=ServiceIndexServerTask, subtaskStatus=Completed, taskProperties={appname=BankFactory}, taskMessage=ADMA5005I: The application BankFactory is configured in the WebSphere Application Server repository., causeOfFailure=<NULL>
[2015-04-13 09:47:11:281] JMX event Recd: (handback obj=Install: BankFactory): AppNotification:task=InstallApplication, taskStatus=InProgress, subtask=AppTypeDeploymentTask, subtaskStatus=Completed, taskProperties={appname=BankFactory}, taskMessage=ADMA5005I: The application BankFactory is configured in the WebSphere Application Server repository., causeOfFailure=<NULL>
[2015-04-13 09:47:11:281] JMX event Recd: (handback obj=Install: BankFactory): AppNotification:task=InstallApplication, taskStatus=InProgress, subtask=ActivationPlan, subtaskStatus=Completed, taskProperties={appname=BankFactory}, taskMessage=ADMA5113I: Activation plan created successfully., causeOfFailure=<NULL>
[2015-04-13 09:47:11:281] JMX event Recd: (handback obj=Install: BankFactory): AppNotification:task=InstallApplication, taskStatus=InProgress, subtask=Cleanup, subtaskStatus=Completed, taskProperties={appname=BankFactory}, taskMessage=ADMA5011I: The cleanup of the temp directory for application BankFactory is complete., causeOfFailure=<NULL>
[2015-04-13 09:47:11:282] JMX event Recd: (handback obj=Install: BankFactory): AppNotification:task=InstallApplication, taskStatus=Completed, subtask=, subtaskStatus=, taskProperties={appname=BankFactory}, taskMessage=ADMA5013I: Application BankFactory installed successfully., causeOfFailure=<NULL>
[2015-04-13 09:47:11:284] Setting the ClassLoader mode
[2015-04-13 09:47:12:795] ClassLoader mode has been set
[2015-04-13 09:47:12:795] Saving the configuration session: anonymous1428939956040
[2015-04-13 09:47:15:443] Configuration has been saved
[2015-04-13 09:47:15:443] Requesting distribution status for the application
[2015-04-13 09:47:15:752] Distribution status request has been issued
[2015-04-13 09:47:15:759] JMX event Recd: (handback obj=Install: BankFactory): AppNotification:task=AppDistributionNode, taskStatus=InProgress, subtask=, subtaskStatus=, taskProperties={appname=BankFactory}, taskMessage=ADMA5071I: Distribution status check started for application BankFactory., causeOfFailure=<NULL>
[2015-04-13 09:47:16:700] JMX event Recd: (handback obj=Install: BankFactory): AppNotification:task=AppDistribution, taskStatus=InProgress, subtask=DistributionStatusTask, subtaskStatus=InProgress, taskProperties={appname=BankFactory, AppDistributionAll=WebSphere:cell=WIN-3JVF8RJARSLCell,node=WIN-3JVF8RJARSLNode,distribution=true,expansion=notprocessing, AppDistributionNode=WebSphere:cell=WIN-3JVF8RJARSLCell,node=WIN-3JVF8RJARSLNode,distribution=true,expansion=notprocessing}, taskMessage=WebSphere:cell=WIN-3JVF8RJARSLCell,node=WIN-3JVF8RJARSLNode,distribution=true,expansion=notprocessing, causeOfFailure=<NULL>
[2015-04-13 09:47:16:700] JMX event Recd: (handback obj=Install: BankFactory): AppNotification:task=AppDistribution, taskStatus=InProgress, subtask=Cleanup, subtaskStatus=Completed, taskProperties={appname=BankFactory}, taskMessage=ADMA5011I: The cleanup of the temp directory for application BankFactory is complete., causeOfFailure=<NULL>
[2015-04-13 09:47:16:701] JMX event Recd: (handback obj=Install: BankFactory): AppNotification:task=AppDistributionNode, taskStatus=Completed, subtask=, subtaskStatus=, taskProperties={appname=BankFactory, AppDistributionAll=WebSphere:cell=WIN-3JVF8RJARSLCell,node=WIN-3JVF8RJARSLNode,distribution=true,expansion=notprocessing}, taskMessage=ADMA5072I: Distribution status check completed for application BankFactory., causeOfFailure=<NULL>
[2015-04-13 09:47:17:034] wpf.publish.start.delay=0
[2015-04-13 09:47:17:712] Starting the application
[2015-04-13 09:47:24:154] Started application: BankFactory on target: WebSphere:cell=WIN-3JVF8RJARSLCell,node=WIN-3JVF8RJARSLNode,server=WebSphere_Portal
[2015-04-13 09:47:24:841] Discarding Session: anonymous1428939956040
[2015-04-13 09:47:25:676] wpf.publish.portlets.delay=2000
[2015-04-13 09:47:27:676] Publishing portlets
